0 info it worked if it ends with ok
1 verbose cli [ 'C:\\nodejs\\node.exe',
1 verbose cli   'C:\\Users\\oriati\\AppData\\Roaming\\npm\\node_modules\\npm\\bin\\npm-cli.js',
1 verbose cli   'start' ]
2 info using npm@4.0.3
3 info using node@v7.2.0
4 verbose run-script [ 'prestart', 'start', 'poststart' ]
5 info lifecycle SimpleRESTServer@0.0.2~prestart: SimpleRESTServer@0.0.2
6 silly lifecycle SimpleRESTServer@0.0.2~prestart: no script for prestart, continuing
7 info lifecycle SimpleRESTServer@0.0.2~start: SimpleRESTServer@0.0.2
8 verbose lifecycle SimpleRESTServer@0.0.2~start: unsafe-perm in lifecycle true
9 verbose lifecycle SimpleRESTServer@0.0.2~start: PATH: C:\Users\oriati\AppData\Roaming\npm\node_modules\npm\bin\node-gyp-bin;C:\dev\Final-Sprint\REST-server\node_modules\.bin;c:\Program Files (x86)\Intel\iCLS Client\;c:\Program Files\Intel\iCLS Client\;C:\WINDOWS\system32;C:\WINDOWS;C:\WINDOWS\System32\Wbem;C:\WINDOWS\System32\WindowsPowerShell\v1.0\;C:\Program Files\Intel\Intel(R) Management Engine Components\DAL;C:\Program Files\Intel\Intel(R) Management Engine Components\IPT;C:\Program Files (x86)\Intel\Intel(R) Management Engine Components\DAL;C:\Program Files (x86)\Intel\Intel(R) Management Engine Components\IPT;C:\Program Files (x86)\Windows Live\Shared;C:\nodejs\;C:\shorts;C:\Program Files\Git\cmd;C:\Program Files (x86)\Microsoft VS Code\bin;C:\Users\oriati\AppData\Local\Microsoft\WindowsApps;C:\Users\oriati\AppData\Roaming\npm
10 verbose lifecycle SimpleRESTServer@0.0.2~start: CWD: C:\dev\Final-Sprint\REST-server
11 silly lifecycle SimpleRESTServer@0.0.2~start: Args: [ '/d /s /c', 'node server' ]
12 silly lifecycle SimpleRESTServer@0.0.2~start: Returned: code: 3221225786  signal: null
13 info lifecycle SimpleRESTServer@0.0.2~start: Failed to exec start script
14 verbose stack Error: SimpleRESTServer@0.0.2 start: `node server`
14 verbose stack Exit status 3221225786
14 verbose stack     at EventEmitter.<anonymous> (C:\Users\oriati\AppData\Roaming\npm\node_modules\npm\lib\utils\lifecycle.js:279:16)
14 verbose stack     at emitTwo (events.js:106:13)
14 verbose stack     at EventEmitter.emit (events.js:191:7)
14 verbose stack     at ChildProcess.<anonymous> (C:\Users\oriati\AppData\Roaming\npm\node_modules\npm\lib\utils\spawn.js:40:14)
14 verbose stack     at emitTwo (events.js:106:13)
14 verbose stack     at ChildProcess.emit (events.js:191:7)
14 verbose stack     at maybeClose (internal/child_process.js:885:16)
14 verbose stack     at Process.ChildProcess._handle.onexit (internal/child_process.js:226:5)
15 verbose pkgid SimpleRESTServer@0.0.2
16 verbose cwd C:\dev\Final-Sprint\REST-server
17 error Windows_NT 10.0.14393
18 error argv "C:\\nodejs\\node.exe" "C:\\Users\\oriati\\AppData\\Roaming\\npm\\node_modules\\npm\\bin\\npm-cli.js" "start"
19 error node v7.2.0
20 error npm  v4.0.3
21 error code ELIFECYCLE
22 error SimpleRESTServer@0.0.2 start: `node server`
22 error Exit status 3221225786
23 error Failed at the SimpleRESTServer@0.0.2 start script 'node server'.
23 error Make sure you have the latest version of node.js and npm installed.
23 error If you do, this is most likely a problem with the SimpleRESTServer package,
23 error not with npm itself.
23 error Tell the author that this fails on your system:
23 error     node server
23 error You can get information on how to open an issue for this project with:
23 error     npm bugs SimpleRESTServer
23 error Or if that isn't available, you can get their info via:
23 error     npm owner ls SimpleRESTServer
23 error There is likely additional logging output above.
24 verbose exit [ 1, true ]
